c:\users\upal\desktop\v10.0.14_x86\secure_aodv_x86_10.0.14\dll\aodv.lib
c:\users\upal\desktop\v10.0.14_x86\secure_aodv_x86_10.0.14\dll\aodv.exp
c:\users\upal\desktop\v10.0.14_x86\secure_aodv_x86_10.0.14\aodv\debug\vc140.pdb
c:\users\upal\desktop\v10.0.14_x86\secure_aodv_x86_10.0.14\aodv\debug\vc140.idb
c:\users\upal\desktop\v10.0.14_x86\secure_aodv_x86_10.0.14\aodv\debug\aodv.obj
c:\users\upal\desktop\v10.0.14_x86\secure_aodv_x86_10.0.14\aodv\debug\aodv_checkroutefound.obj
c:\users\upal\desktop\v10.0.14_x86\secure_aodv_x86_10.0.14\aodv\debug\aodv_routeerror.obj
c:\users\upal\desktop\v10.0.14_x86\secure_aodv_x86_10.0.14\aodv\debug\fifobuffer.obj
c:\users\upal\desktop\v10.0.14_x86\secure_aodv_x86_10.0.14\aodv\debug\generalpacketprocessing.obj
c:\users\upal\desktop\v10.0.14_x86\secure_aodv_x86_10.0.14\aodv\debug\hellomessage.obj
c:\users\upal\desktop\v10.0.14_x86\secure_aodv_x86_10.0.14\aodv\debug\malicious.obj
c:\users\upal\desktop\v10.0.14_x86\secure_aodv_x86_10.0.14\aodv\debug\routemaint.obj
c:\users\upal\desktop\v10.0.14_x86\secure_aodv_x86_10.0.14\aodv\debug\routetable.obj
c:\users\upal\desktop\v10.0.14_x86\secure_aodv_x86_10.0.14\aodv\debug\rrep.obj
c:\users\upal\desktop\v10.0.14_x86\secure_aodv_x86_10.0.14\aodv\debug\rreq.obj
c:\users\upal\desktop\v10.0.14_x86\secure_aodv_x86_10.0.14\aodv\debug\rsa.obj
c:\users\upal\desktop\v10.0.14_x86\secure_aodv_x86_10.0.14\aodv\debug\secure_aodv.obj
c:\users\upal\desktop\v10.0.14_x86\secure_aodv_x86_10.0.14\dll\libaodv.dll
c:\users\upal\desktop\v10.0.14_x86\secure_aodv_x86_10.0.14\dll\aodv.pdb
c:\users\upal\desktop\v10.0.14_x86\secure_aodv_x86_10.0.14\aodv\debug\aodv.tlog\aodv.write.1u.tlog
c:\users\upal\desktop\v10.0.14_x86\secure_aodv_x86_10.0.14\aodv\debug\aodv.tlog\cl.command.1.tlog
c:\users\upal\desktop\v10.0.14_x86\secure_aodv_x86_10.0.14\aodv\debug\aodv.tlog\cl.read.1.tlog
c:\users\upal\desktop\v10.0.14_x86\secure_aodv_x86_10.0.14\aodv\debug\aodv.tlog\cl.write.1.tlog
c:\users\upal\desktop\v10.0.14_x86\secure_aodv_x86_10.0.14\aodv\debug\aodv.tlog\link.command.1.tlog
c:\users\upal\desktop\v10.0.14_x86\secure_aodv_x86_10.0.14\aodv\debug\aodv.tlog\link.read.1.tlog
c:\users\upal\desktop\v10.0.14_x86\secure_aodv_x86_10.0.14\aodv\debug\aodv.tlog\link.write.1.tlog
